<?xml version="1.0" encoding="UTF-8"?>
<!-- Generated by org.testng.reporters.JUnitXMLReporter -->
<testsuite hostname="DESKTOP-IT1NBIS" failures="0" tests="6" name="Default test" time="24.866" errors="0" timestamp="4 Mar 2022 09:58:32 GMT">
  <testcase classname="TestLayer.LoginTest" name="validateUsername" time="0.321"/>
  <testcase classname="TestLayer.LoginTest" name="validatePassword" time="0.164"/>
  <testcase classname="TestLayer.LoginTest" name="validateLoginButton" time="0.199"/>
  <testcase classname="TestLayer.LoginTest" name="enterCredentials" time="0.549"/>
  <testcase classname="TestLayer.LoginTest" name="getValues" time="0.185"/>
  <testcase classname="TestLayer.LoginTest" name="loginToWebsite" time="6.332"/>
</testsuite> <!-- Default test -->
