<?xml version="1.0" encoding="UTF-8"?>
<!-- Generated by org.testng.reporters.JUnitXMLReporter -->
<testsuite hostname="DESKTOP-IT1NBIS" failures="0" tests="6" name="Test" time="22.815" errors="0" timestamp="3 Feb 2022 17:59:01 GMT">
  <testcase classname="TestLayer.LoginTest" name="validateUsername" time="0.338"/>
  <testcase classname="TestLayer.LoginTest" name="validatePassword" time="0.09"/>
  <testcase classname="TestLayer.LoginTest" name="validateLoginButton" time="0.091"/>
  <testcase classname="TestLayer.LoginTest" name="enterCredentials" time="0.37"/>
  <testcase classname="TestLayer.LoginTest" name="getValues" time="0.131"/>
  <testcase classname="TestLayer.LoginTest" name="loginToWebsite" time="6.085"/>
</testsuite> <!-- Test -->
