<?xml version="1.0" encoding="UTF-8"?>
<testng-results total="6" passed="6" failed="0" skipped="0">
  <reporter-output>
  </reporter-output>
  <suite started-at="2022-03-04T09:58:07Z" name="Default suite" finished-at="2022-03-04T09:58:32Z" duration-ms="24866">
    <groups>
      <group name="LoginPage">
        <method signature="LoginTest.enterCredentials(java.lang.String, java.lang.String)[pri:0, instance:TestLayer.LoginTest@3f91b517]" name="enterCredentials" class="TestLayer.LoginTest"/>
        <method signature="LoginTest.getValues()[pri:0, instance:TestLayer.LoginTest@3f91b517]" name="getValues" class="TestLayer.LoginTest"/>
        <method signature="LoginTest.loginToWebsite()[pri:0, instance:TestLayer.LoginTest@3f91b517]" name="loginToWebsite" class="TestLayer.LoginTest"/>
        <method signature="LoginTest.validateLoginButton()[pri:0, instance:TestLayer.LoginTest@3f91b517]" name="validateLoginButton" class="TestLayer.LoginTest"/>
        <method signature="LoginTest.validatePassword()[pri:0, instance:TestLayer.LoginTest@3f91b517]" name="validatePassword" class="TestLayer.LoginTest"/>
        <method signature="LoginTest.validateUsername()[pri:0, instance:TestLayer.LoginTest@3f91b517]" name="validateUsername" class="TestLayer.LoginTest"/>
      </group> <!-- LoginPage -->
    </groups>
    <test started-at="2022-03-04T09:58:07Z" name="Default test" finished-at="2022-03-04T09:58:32Z" duration-ms="24866">
      <class name="TestLayer.LoginTest">
        <test-method is-config="true" signature="setUp()[pri:0, instance:TestLayer.LoginTest@3f91b517]" started-at="2022-03-04T15:28:07Z" name="setUp" finished-at="2022-03-04T15:28:21Z" duration-ms="13363" status="PASS">
          <reporter-output>
          </reporter-output>
        </test-method> <!-- setUp -->
        <test-method signature="validateUsername()[pri:0, instance:TestLayer.LoginTest@3f91b517]" started-at="2022-03-04T15:28:21Z" name="validateUsername" finished-at="2022-03-04T15:28:21Z" duration-ms="321" status="PASS">
          <reporter-output>
          </reporter-output>
        </test-method> <!-- validateUsername -->
        <test-method signature="validatePassword()[pri:0, instance:TestLayer.LoginTest@3f91b517]" started-at="2022-03-04T15:28:21Z" name="validatePassword" finished-at="2022-03-04T15:28:21Z" duration-ms="164" status="PASS">
          <reporter-output>
          </reporter-output>
        </test-method> <!-- validatePassword -->
        <test-method signature="validateLoginButton()[pri:0, instance:TestLayer.LoginTest@3f91b517]" started-at="2022-03-04T15:28:21Z" name="validateLoginButton" finished-at="2022-03-04T15:28:22Z" duration-ms="199" status="PASS">
          <reporter-output>
          </reporter-output>
        </test-method> <!-- validateLoginButton -->
        <test-method signature="enterCredentials(java.lang.String, java.lang.String)[pri:0, instance:TestLayer.LoginTest@3f91b517]" started-at="2022-03-04T15:28:24Z" name="enterCredentials" data-provider="Credentials" finished-at="2022-03-04T15:28:24Z" duration-ms="549" status="PASS">
          <params>
            <param index="0">
              <value>
                <![CDATA[Admin]]>
              </value>
            </param>
            <param index="1">
              <value>
                <![CDATA[admin123]]>
              </value>
            </param>
          </params>
          <reporter-output>
          </reporter-output>
        </test-method> <!-- enterCredentials -->
        <test-method signature="getValues()[pri:0, instance:TestLayer.LoginTest@3f91b517]" started-at="2022-03-04T15:28:24Z" name="getValues" finished-at="2022-03-04T15:28:24Z" duration-ms="185" status="PASS">
          <reporter-output>
          </reporter-output>
        </test-method> <!-- getValues -->
        <test-method signature="loginToWebsite()[pri:0, instance:TestLayer.LoginTest@3f91b517]" started-at="2022-03-04T15:28:24Z" name="loginToWebsite" finished-at="2022-03-04T15:28:31Z" duration-ms="6332" status="PASS">
          <reporter-output>
          </reporter-output>
        </test-method> <!-- loginToWebsite -->
        <test-method is-config="true" signature="tearDown()[pri:0, instance:TestLayer.LoginTest@3f91b517]" started-at="2022-03-04T15:28:31Z" name="tearDown" finished-at="2022-03-04T15:28:32Z" duration-ms="1646" status="PASS">
          <reporter-output>
          </reporter-output>
        </test-method> <!-- tearDown -->
      </class> <!-- TestLayer.LoginTest -->
    </test> <!-- Default test -->
  </suite> <!-- Default suite -->
</testng-results>
