<?xml version="1.0" encoding="UTF-8"?>
<testng-results total="1" passed="1" failed="0" skipped="0">
  <reporter-output>
  </reporter-output>
  <suite started-at="2022-02-22T09:30:39Z" name="Default suite" finished-at="2022-02-22T09:30:49Z" duration-ms="9636">
    <groups>
    </groups>
    <test started-at="2022-02-22T09:30:39Z" name="Default test" finished-at="2022-02-22T09:30:49Z" duration-ms="9636">
      <class name="TestLayer.JavaScriptPograms">
        <test-method signature="openfb()[pri:0, instance:TestLayer.JavaScriptPograms@3bd323e9]" started-at="2022-02-22T15:00:39Z" name="openfb" finished-at="2022-02-22T15:00:49Z" duration-ms="9604" status="PASS">
          <reporter-output>
          </reporter-output>
        </test-method> <!-- openfb -->
      </class> <!-- TestLayer.JavaScriptPograms -->
    </test> <!-- Default test -->
  </suite> <!-- Default suite -->
</testng-results>
